# JRE version: 7.0_25-b17
# Java VM: Java HotSpot(TM) Client VM (23.25-b01 mixed mode windows-x86 )
Heap
 def new generation   total 6272K, used 5659K [0x049f0000, 0x050b0000, 0x09f40000)
  eden space 5632K,  89% used [0x049f0000, 0x04ed6cc0, 0x04f70000)
  from space 640K,  99% used [0x05010000, 0x050afff8, 0x050b0000)
  to   space 640K,   0% used [0x04f70000, 0x04f70000, 0x05010000)
 tenured generation   total 13680K, used 8698K [0x09f40000, 0x0ac9c000, 0x149f0000)
   the space 13680K,  63% used [0x09f40000, 0x0a7be990, 0x0a7bea00, 0x0ac9c000)
 compacting perm gen  total 12288K, used 10388K [0x149f0000, 0x155f0000, 0x189f0000)
   the space 12288K,  84% used [0x149f0000, 0x15415298, 0x15415400, 0x155f0000)
GC Heap History (10 events):
Event: 2965.450 GC heap before
{Heap before GC invocations=144 (full 17):
 def new generation   total 6272K, used 5701K [0x049f0000, 0x050b0000, 0x09f40000)
  eden space 5632K, 100% used [0x049f0000, 0x04f70000, 0x04f70000)
  from space 640K,  10% used [0x04f70000, 0x04f817e8, 0x05010000)
  to   space 640K,   0% used [0x05010000, 0x05010000, 0x050b0000)
 tenured generation   total 13680K, used 12516K [0x09f40000, 0x0ac9c000, 0x149f0000)
   the space 13680K,  91% used [0x09f40000, 0x0ab791c0, 0x0ab79200, 0x0ac9c000)
 compacting perm gen  total 12288K, used 10222K [0x149f0000, 0x155f0000, 0x189f0000)
   the space 12288K,  83% used [0x149f0000, 0x153eb900, 0x153eba00, 0x155f0000)
No shared spaces configured.
Event: 2967.531 GC heap after
Heap after GC invocations=145 (full 18):
 def new generation   total 6272K, used 0K [0x049f0000, 0x050b0000, 0x09f40000)
  eden space 5632K,   0% used [0x049f0000, 0x049f0000, 0x04f70000)
  from space 640K,   0% used [0x05010000, 0x05010000, 0x050b0000)
  to   space 640K,   0% used [0x04f70000, 0x04f70000, 0x05010000)
 tenured generation   total 13680K, used 7047K [0x09f40000, 0x0ac9c000, 0x149f0000)
   the space 13680K,  51% used [0x09f40000, 0x0a621f18, 0x0a622000, 0x0ac9c000)
 compacting perm gen  total 12288K, used 10222K [0x149f0000, 0x155f0000, 0x189f0000)
   the space 12288K,  83% used [0x149f0000, 0x153eb900, 0x153eba00, 0x155f0000)
No shared spaces configured.
}
Event: 5447.470 GC heap before
{Heap before GC invocations=145 (full 18):
 def new generation   total 6272K, used 5632K [0x049f0000, 0x050b0000, 0x09f40000)
  eden space 5632K, 100% used [0x049f0000, 0x04f70000, 0x04f70000)
  from space 640K,   0% used [0x05010000, 0x05010000, 0x050b0000)
  to   space 640K,   0% used [0x04f70000, 0x04f70000, 0x05010000)
 tenured generation   total 13680K, used 7047K [0x09f40000, 0x0ac9c000, 0x149f0000)
   the space 13680K,  51% used [0x09f40000, 0x0a621f18, 0x0a622000, 0x0ac9c000)
 compacting perm gen  total 12288K, used 10238K [0x149f0000, 0x155f0000, 0x189f0000)
   the space 12288K,  83% used [0x149f0000, 0x153ef9b8, 0x153efa00, 0x155f0000)
No shared spaces configured.
Event: 5447.480 GC heap after
Heap after GC invocations=146 (full 18):
 def new generation   total 6272K, used 640K [0x049f0000, 0x050b0000, 0x09f40000)
  eden space 5632K,   0% used [0x049f0000, 0x049f0000, 0x04f70000)
  from space 640K, 100% used [0x04f70000, 0x05010000, 0x05010000)
  to   space 640K,   0% used [0x05010000, 0x05010000, 0x050b0000)
 tenured generation   total 13680K, used 7566K [0x09f40000, 0x0ac9c000, 0x149f0000)
   the space 13680K,  55% used [0x09f40000, 0x0a6a3950, 0x0a6a3a00, 0x0ac9c000)
 compacting perm gen  total 12288K, used 10238K [0x149f0000, 0x155f0000, 0x189f0000)
   the space 12288K,  83% used [0x149f0000, 0x153ef9b8, 0x153efa00, 0x155f0000)
No shared spaces configured.
}
Event: 10281.723 GC heap before
{Heap before GC invocations=146 (full 18):
 def new generation   total 6272K, used 6272K [0x049f0000, 0x050b0000, 0x09f40000)
  eden space 5632K, 100% used [0x049f0000, 0x04f70000, 0x04f70000)
  from space 640K, 100% used [0x04f70000, 0x05010000, 0x05010000)
  to   space 640K,   0% used [0x05010000, 0x05010000, 0x050b0000)
 tenured generation   total 13680K, used 7566K [0x09f40000, 0x0ac9c000, 0x149f0000)
   the space 13680K,  55% used [0x09f40000, 0x0a6a3950, 0x0a6a3a00, 0x0ac9c000)
 compacting perm gen  total 12288K, used 10238K [0x149f0000, 0x155f0000, 0x189f0000)
   the space 12288K,  83% used [0x149f0000, 0x153ef9f8, 0x153efa00, 0x155f0000)
No shared spaces configured.
Event: 10281.726 GC heap after
Heap after GC invocations=147 (full 18):
 def new generation   total 6272K, used 0K [0x049f0000, 0x050b0000, 0x09f40000)
  eden space 5632K,   0% used [0x049f0000, 0x049f0000, 0x04f70000)
  from space 640K,   0% used [0x05010000, 0x05010240, 0x050b0000)
  to   space 640K,   0% used [0x04f70000, 0x04f70000, 0x05010000)
 tenured generation   total 13680K, used 8205K [0x09f40000, 0x0ac9c000, 0x149f0000)
   the space 13680K,  59% used [0x09f40000, 0x0a743710, 0x0a743800, 0x0ac9c000)
 compacting perm gen  total 12288K, used 10238K [0x149f0000, 0x155f0000, 0x189f0000)
   the space 12288K,  83% used [0x149f0000, 0x153ef9f8, 0x153efa00, 0x155f0000)
No shared spaces configured.
}
Event: 15667.108 GC heap before
{Heap before GC invocations=147 (full 18):
 def new generation   total 6272K, used 5632K [0x049f0000, 0x050b0000, 0x09f40000)
  eden space 5632K,  99% used [0x049f0000, 0x04f6fff0, 0x04f70000)
  from space 640K,   0% used [0x05010000, 0x05010240, 0x050b0000)
  to   space 640K,   0% used [0x04f70000, 0x04f70000, 0x05010000)
 tenured generation   total 13680K, used 8205K [0x09f40000, 0x0ac9c000, 0x149f0000)
   the space 13680K,  59% used [0x09f40000, 0x0a743710, 0x0a743800, 0x0ac9c000)
 compacting perm gen  total 12288K, used 10238K [0x149f0000, 0x155f0000, 0x189f0000)
   the space 12288K,  83% used [0x149f0000, 0x153efa08, 0x153efc00, 0x155f0000)
No shared spaces configured.
Event: 15667.109 GC heap after
Heap after GC invocations=148 (full 18):
 def new generation   total 6272K, used 0K [0x049f0000, 0x050b0000, 0x09f40000)
  eden space 5632K,   0% used [0x049f0000, 0x049f0000, 0x04f70000)
  from space 640K,   0% used [0x04f70000, 0x04f70260, 0x05010000)
  to   space 640K,   0% used [0x05010000, 0x05010000, 0x050b0000)
 tenured generation   total 13680K, used 8205K [0x09f40000, 0x0ac9c000, 0x149f0000)
   the space 13680K,  59% used [0x09f40000, 0x0a743710, 0x0a743800, 0x0ac9c000)
 compacting perm gen  total 12288K, used 10238K [0x149f0000, 0x155f0000, 0x189f0000)
   the space 12288K,  83% used [0x149f0000, 0x153efa08, 0x153efc00, 0x155f0000)
No shared spaces configured.
}
Event: 66264.333 GC heap before
{Heap before GC invocations=148 (full 18):
 def new generation   total 6272K, used 5632K [0x049f0000, 0x050b0000, 0x09f40000)
  eden space 5632K, 100% used [0x049f0000, 0x04f70000, 0x04f70000)
  from space 640K,   0% used [0x04f70000, 0x04f70260, 0x05010000)
  to   space 640K,   0% used [0x05010000, 0x05010000, 0x050b0000)
 tenured generation   total 13680K, used 8205K [0x09f40000, 0x0ac9c000, 0x149f0000)
   the space 13680K,  59% used [0x09f40000, 0x0a743710, 0x0a743800, 0x0ac9c000)
 compacting perm gen  total 12288K, used 10238K [0x149f0000, 0x155f0000, 0x189f0000)
   the space 12288K,  83% used [0x149f0000, 0x153efa18, 0x153efc00, 0x155f0000)
No shared spaces configured.
Event: 66265.835 GC heap after
Heap after GC invocations=149 (full 18):
 def new generation   total 6272K, used 639K [0x049f0000, 0x050b0000, 0x09f40000)
  eden space 5632K,   0% used [0x049f0000, 0x049f0000, 0x04f70000)
  from space 640K,  99% used [0x05010000, 0x050afff8, 0x050b0000)
  to   space 640K,   0% used [0x04f70000, 0x04f70000, 0x05010000)
 tenured generation   total 13680K, used 8698K [0x09f40000, 0x0ac9c000, 0x149f0000)
   the space 13680K,  63% used [0x09f40000, 0x0a7be990, 0x0a7bea00, 0x0ac9c000)
 compacting perm gen  total 12288K, used 10238K [0x149f0000, 0x155f0000, 0x189f0000)
   the space 12288K,  83% used [0x149f0000, 0x153efa18, 0x153efc00, 0x155f0000)
No shared spaces configured.
}

