# JRE version: 7.0_25-b17
# Java VM: Java HotSpot(TM) Client VM (23.25-b01 mixed mode windows-x86 )
Heap
 def new generation   total 4928K, used 2496K [0x04a60000, 0x04fb0000, 0x09fb0000)
  eden space 4416K,  44% used [0x04a60000, 0x04c50218, 0x04eb0000)
  from space 512K, 100% used [0x04eb0000, 0x04f30000, 0x04f30000)
  to   space 512K,   0% used [0x04f30000, 0x04f30000, 0x04fb0000)
 tenured generation   total 10944K, used 7772K [0x09fb0000, 0x0aa60000, 0x14a60000)
   the space 10944K,  71% used [0x09fb0000, 0x0a747290, 0x0a747400, 0x0aa60000)
 compacting perm gen  total 12288K, used 10029K [0x14a60000, 0x15660000, 0x18a60000)
   the space 12288K,  81% used [0x14a60000, 0x1542b428, 0x1542b600, 0x15660000)
GC Heap History (10 events):
Event: 6.471 GC heap before
{Heap before GC invocations=5 (full 0):
 def new generation   total 4928K, used 4928K [0x04a60000, 0x04fb0000, 0x09fb0000)
  eden space 4416K, 100% used [0x04a60000, 0x04eb0000, 0x04eb0000)
  from space 512K, 100% used [0x04f30000, 0x04fb0000, 0x04fb0000)
  to   space 512K,   0% used [0x04eb0000, 0x04eb0000, 0x04f30000)
 tenured generation   total 10944K, used 2812K [0x09fb0000, 0x0aa60000, 0x14a60000)
   the space 10944K,  25% used [0x09fb0000, 0x0a26f028, 0x0a26f200, 0x0aa60000)
 compacting perm gen  total 12288K, used 7687K [0x14a60000, 0x15660000, 0x18a60000)
   the space 12288K,  62% used [0x14a60000, 0x151e1e60, 0x151e2000, 0x15660000)
No shared spaces configured.
Event: 6.475 GC heap after
Heap after GC invocations=6 (full 0):
 def new generation   total 4928K, used 512K [0x04a60000, 0x04fb0000, 0x09fb0000)
  eden space 4416K,   0% used [0x04a60000, 0x04a60000, 0x04eb0000)
  from space 512K, 100% used [0x04eb0000, 0x04f30000, 0x04f30000)
  to   space 512K,   0% used [0x04f30000, 0x04f30000, 0x04fb0000)
 tenured generation   total 10944K, used 3571K [0x09fb0000, 0x0aa60000, 0x14a60000)
   the space 10944K,  32% used [0x09fb0000, 0x0a32cf68, 0x0a32d000, 0x0aa60000)
 compacting perm gen  total 12288K, used 7687K [0x14a60000, 0x15660000, 0x18a60000)
   the space 12288K,  62% used [0x14a60000, 0x151e1e60, 0x151e2000, 0x15660000)
No shared spaces configured.
}
Event: 6.687 GC heap before
{Heap before GC invocations=6 (full 0):
 def new generation   total 4928K, used 4928K [0x04a60000, 0x04fb0000, 0x09fb0000)
  eden space 4416K, 100% used [0x04a60000, 0x04eb0000, 0x04eb0000)
  from space 512K, 100% used [0x04eb0000, 0x04f30000, 0x04f30000)
  to   space 512K,   0% used [0x04f30000, 0x04f30000, 0x04fb0000)
 tenured generation   total 10944K, used 3571K [0x09fb0000, 0x0aa60000, 0x14a60000)
   the space 10944K,  32% used [0x09fb0000, 0x0a32cf68, 0x0a32d000, 0x0aa60000)
 compacting perm gen  total 12288K, used 8418K [0x14a60000, 0x15660000, 0x18a60000)
   the space 12288K,  68% used [0x14a60000, 0x15298ba8, 0x15298c00, 0x15660000)
No shared spaces configured.
Event: 6.691 GC heap after
Heap after GC invocations=7 (full 0):
 def new generation   total 4928K, used 512K [0x04a60000, 0x04fb0000, 0x09fb0000)
  eden space 4416K,   0% used [0x04a60000, 0x04a60000, 0x04eb0000)
  from space 512K, 100% used [0x04f30000, 0x04fb0000, 0x04fb0000)
  to   space 512K,   0% used [0x04eb0000, 0x04eb0000, 0x04f30000)
 tenured generation   total 10944K, used 4429K [0x09fb0000, 0x0aa60000, 0x14a60000)
   the space 10944K,  40% used [0x09fb0000, 0x0a4034e0, 0x0a403600, 0x0aa60000)
 compacting perm gen  total 12288K, used 8418K [0x14a60000, 0x15660000, 0x18a60000)
   the space 12288K,  68% used [0x14a60000, 0x15298ba8, 0x15298c00, 0x15660000)
No shared spaces configured.
}
Event: 6.873 GC heap before
{Heap before GC invocations=7 (full 0):
 def new generation   total 4928K, used 4928K [0x04a60000, 0x04fb0000, 0x09fb0000)
  eden space 4416K, 100% used [0x04a60000, 0x04eb0000, 0x04eb0000)
  from space 512K, 100% used [0x04f30000, 0x04fb0000, 0x04fb0000)
  to   space 512K,   0% used [0x04eb0000, 0x04eb0000, 0x04f30000)
 tenured generation   total 10944K, used 4429K [0x09fb0000, 0x0aa60000, 0x14a60000)
   the space 10944K,  40% used [0x09fb0000, 0x0a4034e0, 0x0a403600, 0x0aa60000)
 compacting perm gen  total 12288K, used 9123K [0x14a60000, 0x15660000, 0x18a60000)
   the space 12288K,  74% used [0x14a60000, 0x15348d38, 0x15348e00, 0x15660000)
No shared spaces configured.
Event: 6.877 GC heap after
Heap after GC invocations=8 (full 0):
 def new generation   total 4928K, used 512K [0x04a60000, 0x04fb0000, 0x09fb0000)
  eden space 4416K,   0% used [0x04a60000, 0x04a60000, 0x04eb0000)
  from space 512K, 100% used [0x04eb0000, 0x04f30000, 0x04f30000)
  to   space 512K,   0% used [0x04f30000, 0x04f30000, 0x04fb0000)
 tenured generation   total 10944K, used 4839K [0x09fb0000, 0x0aa60000, 0x14a60000)
   the space 10944K,  44% used [0x09fb0000, 0x0a469e30, 0x0a46a000, 0x0aa60000)
 compacting perm gen  total 12288K, used 9123K [0x14a60000, 0x15660000, 0x18a60000)
   the space 12288K,  74% used [0x14a60000, 0x15348d38, 0x15348e00, 0x15660000)
No shared spaces configured.
}
Event: 7.256 GC heap before
{Heap before GC invocations=8 (full 0):
 def new generation   total 4928K, used 4928K [0x04a60000, 0x04fb0000, 0x09fb0000)
  eden space 4416K, 100% used [0x04a60000, 0x04eb0000, 0x04eb0000)
  from space 512K, 100% used [0x04eb0000, 0x04f30000, 0x04f30000)
  to   space 512K,   0% used [0x04f30000, 0x04f30000, 0x04fb0000)
 tenured generation   total 10944K, used 4839K [0x09fb0000, 0x0aa60000, 0x14a60000)
   the space 10944K,  44% used [0x09fb0000, 0x0a469e30, 0x0a46a000, 0x0aa60000)
 compacting perm gen  total 12288K, used 9670K [0x14a60000, 0x15660000, 0x18a60000)
   the space 12288K,  78% used [0x14a60000, 0x153d1af0, 0x153d1c00, 0x15660000)
No shared spaces configured.
Event: 7.261 GC heap after
Heap after GC invocations=9 (full 0):
 def new generation   total 4928K, used 512K [0x04a60000, 0x04fb0000, 0x09fb0000)
  eden space 4416K,   0% used [0x04a60000, 0x04a60000, 0x04eb0000)
  from space 512K, 100% used [0x04f30000, 0x04fb0000, 0x04fb0000)
  to   space 512K,   0% used [0x04eb0000, 0x04eb0000, 0x04f30000)
 tenured generation   total 10944K, used 6191K [0x09fb0000, 0x0aa60000, 0x14a60000)
   the space 10944K,  56% used [0x09fb0000, 0x0a5bbf50, 0x0a5bc000, 0x0aa60000)
 compacting perm gen  total 12288K, used 9670K [0x14a60000, 0x15660000, 0x18a60000)
   the space 12288K,  78% used [0x14a60000, 0x153d1af0, 0x153d1c00, 0x15660000)
No shared spaces configured.
}
Event: 41.012 GC heap before
{Heap before GC invocations=9 (full 0):
 def new generation   total 4928K, used 4928K [0x04a60000, 0x04fb0000, 0x09fb0000)
  eden space 4416K, 100% used [0x04a60000, 0x04eb0000, 0x04eb0000)
  from space 512K, 100% used [0x04f30000, 0x04fb0000, 0x04fb0000)
  to   space 512K,   0% used [0x04eb0000, 0x04eb0000, 0x04f30000)
 tenured generation   total 10944K, used 6191K [0x09fb0000, 0x0aa60000, 0x14a60000)
   the space 10944K,  56% used [0x09fb0000, 0x0a5bbf50, 0x0a5bc000, 0x0aa60000)
 compacting perm gen  total 12288K, used 10000K [0x14a60000, 0x15660000, 0x18a60000)
   the space 12288K,  81% used [0x14a60000, 0x15424260, 0x15424400, 0x15660000)
No shared spaces configured.
Event: 41.023 GC heap after
Heap after GC invocations=10 (full 0):
 def new generation   total 4928K, used 512K [0x04a60000, 0x04fb0000, 0x09fb0000)
  eden space 4416K,   0% used [0x04a60000, 0x04a60000, 0x04eb0000)
  from space 512K, 100% used [0x04eb0000, 0x04f30000, 0x04f30000)
  to   space 512K,   0% used [0x04f30000, 0x04f30000, 0x04fb0000)
 tenured generation   total 10944K, used 7772K [0x09fb0000, 0x0aa60000, 0x14a60000)
   the space 10944K,  71% used [0x09fb0000, 0x0a747290, 0x0a747400, 0x0aa60000)
 compacting perm gen  total 12288K, used 10000K [0x14a60000, 0x15660000, 0x18a60000)
   the space 12288K,  81% used [0x14a60000, 0x15424260, 0x15424400, 0x15660000)
No shared spaces configured.
}

